This file contains any messages produced by compilers while
running configure, to aid debugging if configure makes a mistake.

It was created by coinhsl configure 2021.05.05, which was
generated by GNU Autoconf 2.69.  Invocation command line was

  $ ./configure 

## --------- ##
## Platform. ##
## --------- ##

hostname = Sokhengs-MBP
uname -m = x86_64
uname -r = 21.6.0
uname -s = Darwin
uname -v = Darwin Kernel Version 21.6.0: Mon Aug 22 20:17:10 PDT 2022; root:xnu-8020.140.49~2/RELEASE_X86_64

/usr/bin/uname -p = i386
/bin/uname -X     = unknown

/bin/arch              = unknown
/usr/bin/arch -k       = unknown
/usr/convex/getsysinfo = unknown
/usr/bin/hostinfo      = Mach kernel version:
	 Darwin Kernel Version 21.6.0: Mon Aug 22 20:17:10 PDT 2022; root:xnu-8020.140.49~2/RELEASE_X86_64
Kernel configured for up to 8 processors.
4 processors are physically available.
8 processors are logically available.
Processor type: x86_64h (Intel x86-64h Haswell)
Processors active: 0 1 2 3 4 5 6 7
Primary memory available: 8.00 gigabytes
Default processor set: 509 tasks, 1668 threads, 8 processors
Load average: 1.85, Mach factor: 6.14
/bin/machine           = unknown
/usr/bin/oslevel       = unknown
/bin/universe          = unknown

PATH: /Users/sokhengdin/opt/anaconda3/envs/python3.9/bin
PATH: /Users/sokhengdin/mambaforge/condabin
PATH: /Library/Frameworks/Python.framework/Versions/3.8/bin
PATH: /usr/local/bin
PATH: /usr/bin
PATH: /bin
PATH: /usr/sbin
PATH: /sbin
PATH: /Library/TeX/texbin
PATH: /opt/X11/bin


## ----------- ##
## Core tests. ##
## ----------- ##

configure:2486: checking for a BSD-compatible install
configure:2554: result: /usr/bin/install -c
configure:2565: checking whether build environment is sane
configure:2620: result: yes
configure:2658: WARNING: 'missing' script is too old or missing
configure:2771: checking for a thread-safe mkdir -p
configure:2810: result: ./install-sh -c -d
configure:2817: checking for gawk
configure:2847: result: no
configure:2817: checking for mawk
configure:2847: result: no
configure:2817: checking for nawk
configure:2847: result: no
configure:2817: checking for awk
configure:2833: found /usr/bin/awk
configure:2844: result: awk
configure:2855: checking whether make sets $(MAKE)
configure:2877: result: yes
configure:2906: checking whether make supports nested variables
configure:2923: result: yes
configure:3104: checking for gfortran
configure:3120: found /usr/local/bin/gfortran
configure:3131: result: gfortran
configure:3157: checking for Fortran compiler version
configure:3166: gfortran --version >&5
GNU Fortran (Homebrew GCC 12.2.0) 12.2.0
Copyright (C) 2022 Free Software Foundation, Inc.
This is free software; see the source for copying conditions.  There is NO
warranty; not even for MERCHANTABILITY or FITNESS FOR A PARTICULAR PURPOSE.

configure:3177: $? = 0
configure:3166: gfortran -v >&5
Using built-in specs.
COLLECT_GCC=gfortran
COLLECT_LTO_WRAPPER=/usr/local/Cellar/gcc/12.2.0/bin/../libexec/gcc/x86_64-apple-darwin21/12/lto-wrapper
Target: x86_64-apple-darwin21
Configured with: ../configure --prefix=/usr/local/opt/gcc --libdir=/usr/local/opt/gcc/lib/gcc/current --disable-nls --enable-checking=release --with-gcc-major-version-only --enable-languages=c,c++,objc,obj-c++,fortran --program-suffix=-12 --with-gmp=/usr/local/opt/gmp --with-mpfr=/usr/local/opt/mpfr --with-mpc=/usr/local/opt/libmpc --with-isl=/usr/local/opt/isl --with-zstd=/usr/local/opt/zstd --with-pkgversion='Homebrew GCC 12.2.0' --with-bugurl=https://github.com/Homebrew/homebrew-core/issues --with-system-zlib --build=x86_64-apple-darwin21 --with-sysroot=/Library/Developer/CommandLineTools/SDKs/MacOSX12.sdk
Thread model: posix
Supported LTO compression algorithms: zlib zstd
gcc version 12.2.0 (Homebrew GCC 12.2.0) 
configure:3177: $? = 0
configure:3166: gfortran -V >&5
gfortran: error: unrecognized command-line option '-V'
gfortran: fatal error: no input files
compilation terminated.
configure:3177: $? = 1
configure:3166: gfortran -qversion >&5
gfortran: error: unrecognized command-line option '-qversion'; did you mean '--version'?
gfortran: fatal error: no input files
compilation terminated.
configure:3177: $? = 1
configure:3192: checking whether the Fortran compiler works
configure:3214: gfortran    conftest.f  >&5
configure:3218: $? = 0
configure:3266: result: yes
configure:3269: checking for Fortran compiler default output file name
configure:3271: result: a.out
configure:3277: checking for suffix of executables
configure:3284: gfortran -o conftest    conftest.f  >&5
configure:3288: $? = 0
configure:3310: result: 
configure:3326: checking whether we are cross compiling
configure:3334: gfortran -o conftest    conftest.f  >&5
configure:3338: $? = 0
configure:3345: ./conftest
configure:3349: $? = 0
configure:3364: result: no
configure:3369: checking for suffix of object files
configure:3385: gfortran -c   conftest.f >&5
configure:3389: $? = 0
configure:3410: result: o
configure:3418: checking whether we are using the GNU Fortran compiler
configure:3431: gfortran -c   conftest.F >&5
configure:3431: $? = 0
configure:3440: result: yes
configure:3446: checking whether gfortran accepts -g
configure:3457: gfortran -c -g  conftest.f >&5
configure:3457: $? = 0
configure:3465: result: yes
configure:3607: checking for Fortran 77 compiler version
configure:3616: gfortran --version >&5
GNU Fortran (Homebrew GCC 12.2.0) 12.2.0
Copyright (C) 2022 Free Software Foundation, Inc.
This is free software; see the source for copying conditions.  There is NO
warranty; not even for MERCHANTABILITY or FITNESS FOR A PARTICULAR PURPOSE.

configure:3627: $? = 0
configure:3616: gfortran -v >&5
Using built-in specs.
COLLECT_GCC=gfortran
COLLECT_LTO_WRAPPER=/usr/local/Cellar/gcc/12.2.0/bin/../libexec/gcc/x86_64-apple-darwin21/12/lto-wrapper
Target: x86_64-apple-darwin21
Configured with: ../configure --prefix=/usr/local/opt/gcc --libdir=/usr/local/opt/gcc/lib/gcc/current --disable-nls --enable-checking=release --with-gcc-major-version-only --enable-languages=c,c++,objc,obj-c++,fortran --program-suffix=-12 --with-gmp=/usr/local/opt/gmp --with-mpfr=/usr/local/opt/mpfr --with-mpc=/usr/local/opt/libmpc --with-isl=/usr/local/opt/isl --with-zstd=/usr/local/opt/zstd --with-pkgversion='Homebrew GCC 12.2.0' --with-bugurl=https://github.com/Homebrew/homebrew-core/issues --with-system-zlib --build=x86_64-apple-darwin21 --with-sysroot=/Library/Developer/CommandLineTools/SDKs/MacOSX12.sdk
Thread model: posix
Supported LTO compression algorithms: zlib zstd
gcc version 12.2.0 (Homebrew GCC 12.2.0) 
configure:3627: $? = 0
configure:3616: gfortran -V >&5
gfortran: error: unrecognized command-line option '-V'
gfortran: fatal error: no input files
compilation terminated.
configure:3627: $? = 1
configure:3616: gfortran -qversion >&5
gfortran: error: unrecognized command-line option '-qversion'; did you mean '--version'?
gfortran: fatal error: no input files
compilation terminated.
configure:3627: $? = 1
configure:3636: checking whether we are using the GNU Fortran 77 compiler
configure:3649: gfortran -c -g -O2 conftest.F >&5
configure:3649: $? = 0
configure:3658: result: yes
configure:3664: checking whether gfortran accepts -g
configure:3675: gfortran -c -g conftest.f >&5
configure:3675: $? = 0
configure:3683: result: yes
configure:3760: checking for gcc
configure:3776: found /usr/bin/gcc
configure:3787: result: gcc
configure:4016: checking for C compiler version
configure:4025: gcc --version >&5
Apple clang version 14.0.0 (clang-1400.0.29.102)
Target: x86_64-apple-darwin21.6.0
Thread model: posix
InstalledDir: /Library/Developer/CommandLineTools/usr/bin
configure:4036: $? = 0
configure:4025: gcc -v >&5
Apple clang version 14.0.0 (clang-1400.0.29.102)
Target: x86_64-apple-darwin21.6.0
Thread model: posix
InstalledDir: /Library/Developer/CommandLineTools/usr/bin
configure:4036: $? = 0
configure:4025: gcc -V >&5
clang: error: argument to '-V' is missing (expected 1 value)
clang: error: no input files
configure:4036: $? = 1
configure:4025: gcc -qversion >&5
clang: error: unknown argument '-qversion'; did you mean '--version'?
clang: error: no input files
configure:4036: $? = 1
configure:4040: checking whether we are using the GNU C compiler
configure:4059: gcc -c   conftest.c >&5
configure:4059: $? = 0
configure:4068: result: yes
configure:4077: checking whether gcc accepts -g
configure:4097: gcc -c -g  conftest.c >&5
configure:4097: $? = 0
configure:4138: result: yes
configure:4155: checking for gcc option to accept ISO C89
configure:4218: gcc  -c -g -O2  conftest.c >&5
configure:4218: $? = 0
configure:4231: result: none needed
configure:4256: checking whether gcc understands -c and -o together
configure:4278: gcc -c conftest.c -o conftest2.o
configure:4281: $? = 0
configure:4278: gcc -c conftest.c -o conftest2.o
configure:4281: $? = 0
configure:4293: result: yes
configure:4313: checking whether make supports the include directive
configure:4328: make -f confmf.GNU && cat confinc.out
this is the am__doit target
configure:4331: $? = 0
configure:4350: result: yes (GNU style)
configure:4375: checking dependency style of gcc
configure:4486: result: none
configure:4528: error: cannot run /bin/sh ./config.sub

## ---------------- ##
## Cache variables. ##
## ---------------- ##

ac_cv_c_compiler_gnu=yes
ac_cv_env_CC_set=
ac_cv_env_CC_value=
ac_cv_env_CFLAGS_set=
ac_cv_env_CFLAGS_value=
ac_cv_env_CPPFLAGS_set=
ac_cv_env_CPPFLAGS_value=
ac_cv_env_CPP_set=
ac_cv_env_CPP_value=
ac_cv_env_F77_set=
ac_cv_env_F77_value=
ac_cv_env_FCFLAGS_set=
ac_cv_env_FCFLAGS_value=
ac_cv_env_FC_set=
ac_cv_env_FC_value=
ac_cv_env_FFLAGS_set=
ac_cv_env_FFLAGS_value=
ac_cv_env_LDFLAGS_set=
ac_cv_env_LDFLAGS_value=
ac_cv_env_LIBS_set=
ac_cv_env_LIBS_value=
ac_cv_env_build_alias_set=
ac_cv_env_build_alias_value=
ac_cv_env_host_alias_set=
ac_cv_env_host_alias_value=
ac_cv_env_target_alias_set=
ac_cv_env_target_alias_value=
ac_cv_f77_compiler_gnu=yes
ac_cv_fc_compiler_gnu=yes
ac_cv_objext=o
ac_cv_path_install='/usr/bin/install -c'
ac_cv_prog_AWK=awk
ac_cv_prog_ac_ct_CC=gcc
ac_cv_prog_ac_ct_FC=gfortran
ac_cv_prog_cc_c89=
ac_cv_prog_cc_g=yes
ac_cv_prog_f77_g=yes
ac_cv_prog_fc_g=yes
ac_cv_prog_make_make_set=yes
am_cv_CC_dependencies_compiler_type=none
am_cv_make_support_nested_variables=yes
am_cv_prog_cc_c_o=yes

## ----------------- ##
## Output variables. ##
## ----------------- ##

ACLOCAL='aclocal-1.16'
AMDEPBACKSLASH='\'
AMDEP_FALSE='#'
AMDEP_TRUE=''
AMTAR='$${TAR-tar}'
AM_BACKSLASH='\'
AM_DEFAULT_V='$(AM_DEFAULT_VERBOSITY)'
AM_DEFAULT_VERBOSITY='1'
AM_V='$(V)'
AR=''
AUTOCONF='autoconf'
AUTOHEADER='autoheader'
AUTOMAKE='automake-1.16'
AWK='awk'
BLAS_LIBS=''
CC='gcc'
CCDEPMODE='depmode=none'
CFLAGS='-g -O2'
CPP=''
CPPFLAGS=''
CYGPATH_W='echo'
DEFS=''
DEPDIR='.deps'
DLLTOOL=''
DSYMUTIL=''
DUMPBIN=''
ECHO_C='\c'
ECHO_N=''
ECHO_T=''
EGREP=''
EXEEXT=''
F77='gfortran'
FC='gfortran'
FCFLAGS='-g -O2'
FFLAGS='-g -O2'
FGREP=''
FLIBS=''
GREP=''
HAVE_DEPS90_FALSE=''
HAVE_DEPS90_TRUE=''
HAVE_MA27_D_FALSE=''
HAVE_MA27_D_TRUE=''
HAVE_MA27_S_FALSE=''
HAVE_MA27_S_TRUE=''
HAVE_MA28_D_FALSE=''
HAVE_MA28_D_TRUE=''
HAVE_MA28_S_FALSE=''
HAVE_MA28_S_TRUE=''
HAVE_MA57_D_FALSE=''
HAVE_MA57_D_TRUE=''
HAVE_MA57_S_FALSE=''
HAVE_MA57_S_TRUE=''
HAVE_MA77_D_FALSE=''
HAVE_MA77_D_TRUE=''
HAVE_MA77_S_FALSE=''
HAVE_MA77_S_TRUE=''
HAVE_MA86_D_FALSE=''
HAVE_MA86_D_TRUE=''
HAVE_MA86_S_FALSE=''
HAVE_MA86_S_TRUE=''
HAVE_MA97_D_FALSE=''
HAVE_MA97_D_TRUE=''
HAVE_MA97_S_FALSE=''
HAVE_MA97_S_TRUE=''
HAVE_MC19_D_FALSE=''
HAVE_MC19_D_TRUE=''
HAVE_MC19_S_FALSE=''
HAVE_MC19_S_TRUE=''
HAVE_MC68_I_FALSE=''
HAVE_MC68_I_TRUE=''
HAVE_METIS_FALSE=''
HAVE_METIS_TRUE=''
INSTALL_DATA='${INSTALL} -m 644'
INSTALL_PROGRAM='${INSTALL}'
INSTALL_SCRIPT='${INSTALL}'
INSTALL_STRIP_PROGRAM='$(install_sh) -c -s'
LD=''
LDFLAGS=''
LIBOBJS=''
LIBS=''
LIBTOOL=''
LIPO=''
LN_S=''
LTLIBOBJS=''
MAKEINFO='makeinfo'
MANIFEST_TOOL=''
MKDIR_P='./install-sh -c -d'
NM=''
NMEDIT=''
OBJDUMP=''
OBJEXT='o'
OTOOL64=''
OTOOL=''
PACKAGE='coinhsl'
PACKAGE_BUGREPORT='hsl@stfc.ac.uk'
PACKAGE_NAME='coinhsl'
PACKAGE_STRING='coinhsl 2021.05.05'
PACKAGE_TARNAME='coinhsl'
PACKAGE_URL=''
PACKAGE_VERSION='2021.05.05'
PATH_SEPARATOR=':'
RANLIB=''
SED=''
SET_MAKE=''
SHELL='/bin/sh'
STRIP=''
TARGET_DLL_FALSE=''
TARGET_DLL_TRUE=''
VERSION='2021.05.05'
ac_ct_AR=''
ac_ct_CC='gcc'
ac_ct_DUMPBIN=''
ac_ct_F77=''
ac_ct_FC='gfortran'
am__EXEEXT_FALSE=''
am__EXEEXT_TRUE=''
am__fastdepCC_FALSE=''
am__fastdepCC_TRUE='#'
am__include='include'
am__isrc=''
am__leading_dot='.'
am__nodep='_no'
am__quote=''
am__tar='$${TAR-tar} chof - "$$tardir"'
am__untar='$${TAR-tar} xf -'
bindir='${exec_prefix}/bin'
build=''
build_alias=''
build_cpu=''
build_os=''
build_vendor=''
datadir='${datarootdir}'
datarootdir='${prefix}/share'
docdir='${datarootdir}/doc/${PACKAGE_TARNAME}'
dvidir='${docdir}'
exec_prefix='NONE'
host=''
host_alias=''
host_cpu=''
host_os=''
host_vendor=''
htmldir='${docdir}'
includedir='${prefix}/include'
infodir='${datarootdir}/info'
install_sh='${SHELL} /Users/sokhengdin/Desktop/Robocon2023/Library/coinhsl/install-sh'
libdir='${exec_prefix}/lib'
libexecdir='${exec_prefix}/libexec'
localedir='${datarootdir}/locale'
localstatedir='${prefix}/var'
mandir='${datarootdir}/man'
mkdir_p='$(MKDIR_P)'
oldincludedir='/usr/include'
pdfdir='${docdir}'
prefix='NONE'
program_transform_name='s,x,x,'
psdir='${docdir}'
runstatedir='${localstatedir}/run'
sbindir='${exec_prefix}/sbin'
sharedstatedir='${prefix}/com'
sysconfdir='${prefix}/etc'
target_alias=''

## ----------- ##
## confdefs.h. ##
## ----------- ##

/* confdefs.h */
#define PACKAGE_NAME "coinhsl"
#define PACKAGE_TARNAME "coinhsl"
#define PACKAGE_VERSION "2021.05.05"
#define PACKAGE_STRING "coinhsl 2021.05.05"
#define PACKAGE_BUGREPORT "hsl@stfc.ac.uk"
#define PACKAGE_URL ""
#define PACKAGE "coinhsl"
#define VERSION "2021.05.05"

configure: exit 126
